[2026-06-16T04:33:55.859Z] GET https://x.com/NASA → pending (?ms, ?B)
[2026-06-16T04:33:56.870Z] GET https://pbs.twimg.com/profile_banners/11348282/1775567134 → pending (?ms, ?B)
[2026-06-16T04:33:56.870Z] GET https://pbs.twimg.com/media/HKZL32MXcAAEvuz.jpg → pending (?ms, ?B)
[2026-06-16T04:33:56.870Z] GET https://pbs.twimg.com/media/HKoFPmGXUAAiVX7.jpg → pending (?ms, ?B)
[2026-06-16T04:33:56.870Z] GET https://pbs.twimg.com/media/HKaplfXWEAAfTwd.jpg → pending (?ms, ?B)
[2026-06-16T04:33:56.870Z] GET https://abs.twimg.com/x-web/x-web/assets/chunk-CKPp4qXK.js → pending (?ms, ?B)
[2026-06-16T04:33:56.870Z] GET https://abs.twimg.com/x-web/x-web/assets/sentry-filter-DzGYgDYE.js → pending (?ms, ?B)
[2026-06-16T04:33:56.870Z] GET https://abs.twimg.com/x-web/x-web/assets/preload-helper-DLQpy1Fz.js → pending (?ms, ?B)
[2026-06-16T04:33:56.871Z] GET https://abs.twimg.com/x-web/x-web/assets/not-found-DqIBM2Nt.js → pending (?ms, ?B)
[2026-06-16T04:33:56.871Z] GET https://abs.twimg.com/x-web/x-web/assets/link-B1z_34TF.js → pending (?ms, ?B)
[2026-06-16T04:33:56.871Z] GET https://abs.twimg.com/x-web/x-web/assets/ClientOnly-Dkx0-10J.js → pending (?ms, ?B)
[2026-06-16T04:33:56.871Z] GET https://abs.twimg.com/x-web/x-web/assets/useStore-vpcokrVF.js → pending (?ms, ?B)
[2026-06-16T04:33:56.871Z] GET https://abs.twimg.com/x-web/x-web/assets/react-m-QByDwY.js → pending (?ms, ?B)
[2026-06-16T04:33:56.871Z] GET https://abs.twimg.com/x-web/x-web/assets/with-selector-CGrgALyH.js → pending (?ms, ?B)
[2026-06-16T04:33:56.871Z] GET https://abs.twimg.com/x-web/x-web/assets/shim-C4kDPNUP.js → pending (?ms, ?B)
[2026-06-16T04:33:56.872Z] GET https://abs.twimg.com/x-web/x-web/assets/jsx-runtime-BddH-1A7.js → pending (?ms, ?B)
[2026-06-16T04:33:56.872Z] GET https://abs.twimg.com/x-web/x-web/assets/useRouter-MubsyfMd.js → pending (?ms, ?B)
[2026-06-16T04:33:56.872Z] GET https://abs.twimg.com/x-web/x-web/assets/react-dom-BUZ8Ba1B.js → pending (?ms, ?B)
[2026-06-16T04:33:56.872Z] GET https://abs.twimg.com/x-web/x-web/assets/useTranslation-BQpQK6V-.js → pending (?ms, ?B)
[2026-06-16T04:33:56.872Z] GET https://abs.twimg.com/x-web/x-web/assets/button-yZ9tUfhB.js → pending (?ms, ?B)
[2026-06-16T04:33:56.872Z] GET https://abs.twimg.com/x-web/x-web/assets/dist-0Bu5ulyr.js → pending (?ms, ?B)
[2026-06-16T04:33:56.872Z] GET https://abs.twimg.com/x-web/x-web/assets/dist-D_6cLHUk.js → pending (?ms, ?B)
[2026-06-16T04:33:56.873Z] GET https://abs.twimg.com/x-web/x-web/assets/clsx-DD699L1m.js → pending (?ms, ?B)
[2026-06-16T04:33:56.873Z] GET https://abs.twimg.com/x-web/x-web/assets/text-CccucO3E.js → pending (?ms, ?B)
[2026-06-16T04:33:56.873Z] GET https://abs.twimg.com/x-web/x-web/assets/sidebar-spinner-CBJccxjS.js → pending (?ms, ?B)
[2026-06-16T04:33:56.873Z] GET https://abs.twimg.com/x-web/x-web/assets/activity-indicator-Bj2p6PkP.js → pending (?ms, ?B)
[2026-06-16T04:33:56.873Z] GET https://abs.twimg.com/x-web/x-web/assets/onboarding-link-CcFunWB-.js → pending (?ms, ?B)
[2026-06-16T04:33:56.873Z] GET https://abs.twimg.com/x-web/x-web/assets/use-store-redirect-uri-DykqGAC0.js → pending (?ms, ?B)
[2026-06-16T04:33:56.873Z] GET https://abs.twimg.com/x-web/x-web/assets/safe-redirect-BxFJ6XVC.js → pending (?ms, ?B)
[2026-06-16T04:33:56.874Z] GET https://abs.twimg.com/x-web/x-web/assets/use-analytics-D4W3lU2V.js → pending (?ms, ?B)
[2026-06-16T04:33:56.874Z] GET https://abs.twimg.com/x-web/x-web/assets/telemetry-D4baB-mt.js → pending (?ms, ?B)
[2026-06-16T04:33:56.874Z] GET https://abs.twimg.com/x-web/x-web/assets/guest-token-DeSkb_em.js → pending (?ms, ?B)
[2026-06-16T04:33:56.874Z] GET https://abs.twimg.com/x-web/x-web/assets/dist-Lc4beYEI.js → pending (?ms, ?B)
[2026-06-16T04:33:56.874Z] GET https://abs.twimg.com/x-web/x-web/assets/request-context-C0IF8Aw2.js → pending (?ms, ?B)
[2026-06-16T04:33:56.874Z] GET https://abs.twimg.com/x-web/x-web/assets/session-storage-wjjB-Ns0.js → pending (?ms, ?B)
[2026-06-16T04:33:56.874Z] GET https://abs.twimg.com/x-web/x-web/assets/useNavigate-CsoDHIiN.js → pending (?ms, ?B)
[2026-06-16T04:33:56.874Z] GET https://abs.twimg.com/x-web/x-web/assets/capture-upstream-error-D6PBsHWU.js → pending (?ms, ?B)
[2026-06-16T04:33:56.874Z] GET https://abs.twimg.com/x-web/x-web/assets/esm-DAWItEsN.js → pending (?ms, ?B)
[2026-06-16T04:33:56.874Z] GET https://abs.twimg.com/x-web/x-web/assets/fetcher-BKjSfRH2.js → pending (?ms, ?B)
[2026-06-16T04:33:56.874Z] GET https://abs.twimg.com/x-web/x-web/assets/ensure-snowflake-id--SBAJwX2.js → pending (?ms, ?B)
[2026-06-16T04:33:56.874Z] GET https://abs.twimg.com/x-web/x-web/assets/matchContext-B2kkgLC6.js → pending (?ms, ?B)
[2026-06-16T04:33:56.874Z] GET https://abs.twimg.com/x-web/x-web/assets/search-D-EtGoMy.js → pending (?ms, ?B)
[2026-06-16T04:33:56.874Z] GET https://abs.twimg.com/x-web/x-web/assets/require-auth-CtfNsxBU.js → pending (?ms, ?B)
[2026-06-16T04:33:56.874Z] GET https://abs.twimg.com/x-web/x-web/assets/lists-DZ19Lrnk.js → pending (?ms, ?B)
[2026-06-16T04:33:56.874Z] GET https://abs.twimg.com/x-web/x-web/assets/route-title-Drge4woM.js → pending (?ms, ?B)
[2026-06-16T04:33:56.874Z] GET https://abs.twimg.com/x-web/x-web/assets/fetch-query-Dpecl_ne.js → pending (?ms, ?B)
[2026-06-16T04:33:56.874Z] GET https://abs.twimg.com/x-web/x-web/assets/relay-runtime-CSuE9wvc.js → pending (?ms, ?B)
[2026-06-16T04:33:56.874Z] GET https://abs.twimg.com/x-web/x-web/assets/environment-B1qCI7qW.js → pending (?ms, ?B)
[2026-06-16T04:33:56.874Z] GET https://abs.twimg.com/x-web/x-web/assets/react-relay-CEL8S14f.js → pending (?ms, ?B)
[2026-06-16T04:33:56.874Z] GET https://abs.twimg.com/x-web/x-web/assets/lazyRouteComponent-oeV7ZHhc.js → pending (?ms, ?B)
[2026-06-16T04:33:56.875Z] GET https://abs.twimg.com/x-web/x-web/assets/useParams-DH92Gnqb.js → pending (?ms, ?B)
[2026-06-16T04:33:56.875Z] GET https://abs.twimg.com/x-web/x-web/assets/_followers-DfPyqceM.js → pending (?ms, ?B)
[2026-06-16T04:33:56.875Z] GET https://abs.twimg.com/x-web/x-web/assets/followers-Byd5J_Jy.js → pending (?ms, ?B)
[2026-06-16T04:33:56.875Z] GET https://abs.twimg.com/x-web/x-web/assets/following-ygk6bmo_.js → pending (?ms, ?B)
[2026-06-16T04:33:56.875Z] GET https://abs.twimg.com/x-web/x-web/assets/verified_followers-BQezEW2R.js → pending (?ms, ?B)
[2026-06-16T04:33:56.875Z] GET https://abs.twimg.com/x-web/x-web/assets/_profile-DU8f-guu.js → pending (?ms, ?B)
[2026-06-16T04:33:56.875Z] GET https://abs.twimg.com/x-web/x-web/assets/affiliates-LMvTwxSp.js → pending (?ms, ?B)
[2026-06-16T04:33:56.875Z] GET https://abs.twimg.com/x-web/x-web/assets/highlights-BZSDZN0_.js → pending (?ms, ?B)
[2026-06-16T04:33:56.875Z] GET https://abs.twimg.com/x-web/x-web/assets/_profile-CdDakAiW.js → pending (?ms, ?B)
[2026-06-16T04:33:56.875Z] GET https://abs.twimg.com/x-web/x-web/assets/media-C1xbU9yM.js → pending (?ms, ?B)
[2026-06-16T04:33:56.875Z] GET https://abs.twimg.com/x-web/x-web/assets/with_replies-DnSINups.js → pending (?ms, ?B)
[2026-06-16T04:33:56.875Z] GET https://abs.twimg.com/x-web/x-web/assets/_communities-C0I-S5vN.js → pending (?ms, ?B)
[2026-06-16T04:33:56.875Z] GET https://abs.twimg.com/x-web/x-web/assets/viewer-query-8TNhM_YE.js → pending (?ms, ?B)
[2026-06-16T04:33:56.875Z] GET https://abs.twimg.com/x-web/x-web/assets/explore-BbD9QgLR.js → pending (?ms, ?B)
[2026-06-16T04:33:56.875Z] GET https://abs.twimg.com/x-web/x-web/assets/subscriptions-aLWZ1U4J.js → pending (?ms, ?B)
[2026-06-16T04:33:56.875Z] GET https://abs.twimg.com/x-web/x-web/assets/header_photo-PKlm6sHv.js → pending (?ms, ?B)
[2026-06-16T04:33:56.875Z] GET https://abs.twimg.com/x-web/x-web/assets/photo-CppqQkd6.js → pending (?ms, ?B)
[2026-06-16T04:33:56.875Z] GET https://abs.twimg.com/x-web/x-web/assets/_engagements-BcT9rqqW.js → pending (?ms, ?B)
[2026-06-16T04:33:56.875Z] GET https://abs.twimg.com/x-web/x-web/assets/status-tweet-author-DuFkV2pX.js → pending (?ms, ?B)
[2026-06-16T04:33:56.875Z] GET https://abs.twimg.com/x-web/x-web/assets/likes-Db46Rfs1.js → pending (?ms, ?B)
[2026-06-16T04:33:56.875Z] GET https://abs.twimg.com/x-web/x-web/assets/quotes-DZF6eAYr.js → pending (?ms, ?B)
[2026-06-16T04:33:56.875Z] GET https://abs.twimg.com/x-web/x-web/assets/retweets-CBSserhl.js → pending (?ms, ?B)
[2026-06-16T04:33:56.875Z] GET https://abs.twimg.com/x-web/x-web/assets/history-Bui5k7fy.js → pending (?ms, ?B)
[2026-06-16T04:33:56.875Z] GET https://abs.twimg.com/x-web/x-web/assets/_id-DMoI5J4V.js → pending (?ms, ?B)
[2026-06-16T04:33:56.875Z] GET https://abs.twimg.com/x-web/x-web/assets/is-mobile-user-agent-iJi7qIvL.js → pending (?ms, ?B)
[2026-06-16T04:33:56.875Z] GET https://abs.twimg.com/x-web/x-web/assets/conversation-metadata-Dsze-BRQ.js → pending (?ms, ?B)
[2026-06-16T04:33:56.875Z] GET https://abs.twimg.com/x-web/x-web/assets/_num-DItR99y8.js → pending (?ms, ?B)
[2026-06-16T04:33:56.875Z] GET https://abs.twimg.com/x-web/x-web/assets/tweet-media-page-CEr72vgT.js → pending (?ms, ?B)
[2026-06-16T04:33:56.875Z] GET https://abs.twimg.com/x-web/x-web/assets/tweet-results-pr5tl9QX.js → pending (?ms, ?B)
[2026-06-16T04:33:56.875Z] GET https://abs.twimg.com/x-web/x-web/assets/default-video-player-ui-B-aroQ9x.js → pending (?ms, ?B)
[2026-06-16T04:33:56.875Z] GET https://abs.twimg.com/x-web/x-web/assets/radio-group-fPSpS6RP.js → pending (?ms, ?B)
[2026-06-16T04:33:56.875Z] GET https://abs.twimg.com/x-web/x-web/assets/dist-l3AVtsVg.js → pending (?ms, ?B)
[2026-06-16T04:33:56.875Z] GET https://abs.twimg.com/x-web/x-web/assets/dist-CLUe7Pdm.js → pending (?ms, ?B)
[2026-06-16T04:33:56.875Z] GET https://abs.twimg.com/x-web/x-web/assets/dist-CifnuVr2.js → pending (?ms, ?B)
[2026-06-16T04:33:56.875Z] GET https://abs.twimg.com/x-web/x-web/assets/dist-B8uormyd.js → pending (?ms, ?B)
[2026-06-16T04:33:56.875Z] GET https://abs.twimg.com/x-web/x-web/assets/dist-0tgppxkI.js → pending (?ms, ?B)
[2026-06-16T04:33:56.875Z] GET https://abs.twimg.com/x-web/x-web/assets/dist-DUpohIqt.js → pending (?ms, ?B)
[2026-06-16T04:33:56.875Z] GET https://abs.twimg.com/x-web/x-web/assets/cn-Cgu-dVNK.js → pending (?ms, ?B)
[2026-06-16T04:33:56.876Z] GET https://abs.twimg.com/x-web/x-web/assets/VisuallyHidden-DriSUEtm.js → pending (?ms, ?B)
[2026-06-16T04:33:56.876Z] GET https://abs.twimg.com/x-web/x-web/assets/icon-arrow-left-Bz9koljl.js → pending (?ms, ?B)
[2026-06-16T04:33:56.876Z] GET https://abs.twimg.com/x-web/x-web/assets/icon-chevron-right-D25OOTfW.js → pending (?ms, ?B)
[2026-06-16T04:33:56.876Z] GET https://abs.twimg.com/x-web/x-web/assets/icon-media-collapse-DivJS26Y.js → pending (?ms, ?B)
[2026-06-16T04:33:56.876Z] GET https://abs.twimg.com/x-web/x-web/assets/icon-play-C8nqB-ik.js → pending (?ms, ?B)
[2026-06-16T04:33:56.876Z] GET https://abs.twimg.com/x-web/x-web/assets/icon-reload-Fdh1jvCc.js → pending (?ms, ?B)
[2026-06-16T04:33:56.876Z] GET https://abs.twimg.com/x-web/x-web/assets/icon-settings-stroke-DGJrAXOE.js → pending (?ms, ?B)
[2026-06-16T04:33:56.876Z] GET https://abs.twimg.com/x-web/x-web/assets/label-vlMrJnpy.js → pending (?ms, ?B)
[2026-06-16T04:33:56.876Z] GET https://abs.twimg.com/x-web/x-web/assets/popover-sheet-DSgUhgyv.js → pending (?ms, ?B)
[2026-06-16T04:33:56.876Z] GET https://abs.twimg.com/x-web/x-web/assets/popover--bXRgaAt.js → pending (?ms, ?B)
[2026-06-16T04:33:56.876Z] GET https://abs.twimg.com/x-web/x-web/assets/dist-Bb-d-W2r.js → pending (?ms, ?B)
[2026-06-16T04:33:56.876Z] GET https://abs.twimg.com/x-web/x-web/assets/floating-ui.react-dom-C_NPpWTQ.js → pending (?ms, ?B)
[2026-06-16T04:33:56.876Z] GET https://abs.twimg.com/x-web/x-web/assets/es2015-vqBB3sDv.js → pending (?ms, ?B)
[2026-06-16T04:33:56.876Z] GET https://abs.twimg.com/x-web/x-web/assets/dist-BDOThqva.js → pending (?ms, ?B)
[2026-06-16T04:33:56.876Z] GET https://abs.twimg.com/x-web/x-web/assets/dist-DyZi9qbq.js → pending (?ms, ?B)
[2026-06-16T04:33:56.876Z] GET https://abs.twimg.com/x-web/x-web/assets/use-media-query-CI37J3xJ.js → pending (?ms, ?B)
[2026-06-16T04:33:56.876Z] GET https://abs.twimg.com/x-web/x-web/assets/hover-label-3qvbhg_s.js → pending (?ms, ?B)
[2026-06-16T04:33:56.876Z] GET https://abs.twimg.com/x-web/x-web/assets/dist-DGdJoNN2.js → pending (?ms, ?B)
[2026-06-16T04:33:56.877Z] GET https://abs.twimg.com/x-web/x-web/assets/dist-iV3z7yly.js → pending (?ms, ?B)
[2026-06-16T04:33:56.877Z] GET https://abs.twimg.com/x-web/x-web/assets/use-hover-9hjPUZ0n.js → pending (?ms, ?B)
[2026-06-16T04:33:56.877Z] GET https://abs.twimg.com/x-web/x-web/assets/video-clZDToQU.js → pending (?ms, ?B)
[2026-06-16T04:33:56.877Z] GET https://abs.twimg.com/x-web/x-web/assets/number-flow-BORyt8X9.js → pending (?ms, ?B)
[2026-06-16T04:33:56.877Z] GET https://abs.twimg.com/x-web/x-web/assets/hover-card-DHxFNQNA.js → pending (?ms, ?B)
[2026-06-16T04:33:56.877Z] GET https://abs.twimg.com/x-web/x-web/assets/dialog-jRgMQ15t.js → pending (?ms, ?B)
[2026-06-16T04:33:56.877Z] GET https://abs.twimg.com/x-web/x-web/assets/he-xAa-bF3l.js → pending (?ms, ?B)
[2026-06-16T04:33:56.877Z] GET https://abs.twimg.com/x-web/x-web/assets/entity-text-D_MxsS0D.js → pending (?ms, ?B)
[2026-06-16T04:33:56.877Z] GET https://abs.twimg.com/x-web/x-web/assets/Trans-DEVtEvMF.js → pending (?ms, ?B)
[2026-06-16T04:33:56.877Z] GET https://abs.twimg.com/x-web/x-web/assets/dist-Brs4Q2y7.js → pending (?ms, ?B)
[2026-06-16T04:33:56.877Z] GET https://abs.twimg.com/x-web/x-web/assets/create-lazy-C8WMnq0H.js → pending (?ms, ?B)
[2026-06-16T04:33:56.877Z] GET https://abs.twimg.com/x-web/x-web/assets/error-boundary-CGyGgPNj.js → pending (?ms, ?B)
[2026-06-16T04:33:56.877Z] GET https://abs.twimg.com/x-web/x-web/assets/open-app-button-mW5gXq5o.js → pending (?ms, ?B)
[2026-06-16T04:33:56.877Z] GET https://abs.twimg.com/x-web/x-web/assets/constants-Bqo8U-z2.js → pending (?ms, ?B)
[2026-06-16T04:33:56.877Z] GET https://abs.twimg.com/x-web/x-web/assets/get-app-store-url-BiGj5lLX.js → pending (?ms, ?B)
[2026-06-16T04:33:56.877Z] GET https://abs.twimg.com/x-web/x-web/assets/is-ios-user-agent-BMKzfNsg.js → pending (?ms, ?B)
[2026-06-16T04:33:56.877Z] GET https://abs.twimg.com/x-web/x-web/assets/use-location-DlDJfp0p.js → pending (?ms, ?B)
[2026-06-16T04:33:56.877Z] GET https://abs.twimg.com/x-web/x-web/assets/viewer-CfDVsL7M.js → pending (?ms, ?B)
[2026-06-16T04:33:56.877Z] GET https://abs.twimg.com/x-web/x-web/assets/broadcast-card-Da7qI426.js → pending (?ms, ?B)
[2026-06-16T04:33:56.877Z] GET https://abs.twimg.com/x-web/x-web/assets/index-BxGGKgup.js → pending (?ms, ?B)
[2026-06-16T04:33:56.877Z] GET https://abs.twimg.com/x-web/x-web/assets/user-avatar-DXOPHr2a.js → pending (?ms, ?B)
[2026-06-16T04:33:56.877Z] GET https://abs.twimg.com/x-web/x-web/assets/user-badges-Ce8p_i4_.js → pending (?ms, ?B)
[2026-06-16T04:33:56.877Z] GET https://abs.twimg.com/x-web/x-web/assets/username-BFk2uAsp.js → pending (?ms, ?B)
[2026-06-16T04:33:56.877Z] GET https://abs.twimg.com/x-web/x-web/assets/icon-verified-DujZot5-.js → pending (?ms, ?B)
[2026-06-16T04:33:56.877Z] GET https://abs.twimg.com/x-web/x-web/assets/avatar-BR8cx8ZJ.js → pending (?ms, ?B)
[2026-06-16T04:33:56.877Z] GET https://abs.twimg.com/x-web/x-web/assets/user-display-name-Cxp9n5M2.js → pending (?ms, ?B)
[2026-06-16T04:33:56.877Z] GET https://abs.twimg.com/x-web/x-web/assets/user-screen-name-BnQMvTDY.js → pending (?ms, ?B)
[2026-06-16T04:33:56.878Z] GET https://abs.twimg.com/x-web/x-web/assets/use-stale-fetch-key-BSre4hQO.js → pending (?ms, ?B)
[2026-06-16T04:33:56.878Z] GET https://abs.twimg.com/x-web/x-web/assets/intercept-container-Jz_uO8wp.js → pending (?ms, ?B)
[2026-06-16T04:33:56.878Z] GET https://abs.twimg.com/x-web/x-web/assets/asset-header-K1MCA_NG.js → pending (?ms, ?B)
[2026-06-16T04:33:56.878Z] GET https://abs.twimg.com/x-web/x-web/assets/middot-CfaKN2mZ.js → pending (?ms, ?B)
[2026-06-16T04:33:56.878Z] GET https://abs.twimg.com/x-web/x-web/assets/get-video-url-DSWSnWDr.js → pending (?ms, ?B)
[2026-06-16T04:33:56.878Z] GET https://abs.twimg.com/x-web/x-web/assets/timeline-rich-text-lt--G0RL.js → pending (?ms, ?B)
[2026-06-16T04:33:56.878Z] GET https://abs.twimg.com/x-web/x-web/assets/timeline-context-D4BF1ZXc.js → pending (?ms, ?B)
[2026-06-16T04:33:56.878Z] GET https://abs.twimg.com/x-web/x-web/assets/icon-arrow-right-CTVUXdif.js → pending (?ms, ?B)
[2026-06-16T04:33:56.878Z] GET https://abs.twimg.com/x-web/x-web/assets/icon-bar-chart-CVSTjgCA.js → pending (?ms, ?B)
[2026-06-16T04:33:56.878Z] GET https://abs.twimg.com/x-web/x-web/assets/icon-replies-stroke-Cz7P6MJ3.js → pending (?ms, ?B)
[2026-06-16T04:33:56.878Z] GET https://abs.twimg.com/x-web/x-web/assets/icon-bookmark-stroke-BG8dsK2s.js → pending (?ms, ?B)
[2026-06-16T04:33:56.878Z] GET https://abs.twimg.com/x-web/x-web/assets/icon-bookmark-B4KNSQew.js → pending (?ms, ?B)
[2026-06-16T04:33:56.878Z] GET https://abs.twimg.com/x-web/x-web/assets/icon-chevron-left-DOXvzMhq.js → pending (?ms, ?B)
[2026-06-16T04:33:56.878Z] GET https://abs.twimg.com/x-web/x-web/assets/icon-communities-Bi5Yytsr.js → pending (?ms, ?B)
[2026-06-16T04:33:56.878Z] GET https://abs.twimg.com/x-web/x-web/assets/icon-envelope-fill-bOqEa7ee.js → pending (?ms, ?B)
[2026-06-16T04:33:56.878Z] GET https://abs.twimg.com/x-web/x-web/assets/icon-follow-Cd2W4gRr.js → pending (?ms, ?B)
[2026-06-16T04:33:56.878Z] GET https://abs.twimg.com/x-web/x-web/assets/icon-link-CtRabcRl.js → pending (?ms, ?B)
[2026-06-16T04:33:56.878Z] GET https://abs.twimg.com/x-web/x-web/assets/icon-retweet-stroke-DlvAWIqM.js → pending (?ms, ?B)
[2026-06-16T04:33:56.878Z] GET https://abs.twimg.com/x-web/x-web/assets/icon-trashcan-stroke-RcfJjaYn.js → pending (?ms, ?B)
[2026-06-16T04:33:56.878Z] GET https://abs.twimg.com/x-web/x-web/assets/icon-people-crowd-stroke-PA62aM0G.js → pending (?ms, ?B)
[2026-06-16T04:33:56.878Z] GET https://abs.twimg.com/x-web/x-web/assets/icon-speaker-off-BBIspYnl.js → pending (?ms, ?B)
[2026-06-16T04:33:56.878Z] GET https://abs.twimg.com/x-web/x-web/assets/icon-more-DKdC6Qry.js → pending (?ms, ?B)
[2026-06-16T04:33:56.878Z] GET https://abs.twimg.com/x-web/x-web/assets/icon-safety-BUv7Hce_.js → pending (?ms, ?B)
[2026-06-16T04:33:56.878Z] GET https://abs.twimg.com/x-web/x-web/assets/icon-twitter-Cyt5679n.js → pending (?ms, ?B)
[2026-06-16T04:33:56.878Z] GET https://abs.twimg.com/x-web/x-web/assets/hooks-BW9JLYVr.js → pending (?ms, ?B)
[2026-06-16T04:33:56.878Z] GET https://abs.twimg.com/x-web/x-web/assets/action-menu-SVWcI9Rd.js → pending (?ms, ?B)
[2026-06-16T04:33:56.878Z] GET https://abs.twimg.com/x-web/x-web/assets/timestamp-DfHZ8Kzo.js → pending (?ms, ?B)
[2026-06-16T04:33:56.878Z] GET https://abs.twimg.com/x-web/x-web/assets/tweet-result-by-id-BKwr8xO0.js → pending (?ms, ?B)
[2026-06-16T04:33:56.878Z] GET https://abs.twimg.com/x-web/x-web/assets/provider-CpIkWUTe.js → pending (?ms, ?B)
[2026-06-16T04:33:56.878Z] GET https://abs.twimg.com/x-web/x-web/assets/context-CoBo0F3L.js → pending (?ms, ?B)
[2026-06-16T04:33:56.878Z] GET https://abs.twimg.com/x-web/x-web/assets/tweet-media-viewer-CUqXmr-m.js → pending (?ms, ?B)
[2026-06-16T04:33:56.878Z] GET https://abs.twimg.com/x-web/x-web/assets/media-viewer-DMXEpguu.js → pending (?ms, ?B)
[2026-06-16T04:33:56.878Z] GET https://abs.twimg.com/x-web/x-web/assets/icon-arrow-down-D6DI0_m_.js → pending (?ms, ?B)
[2026-06-16T04:33:56.878Z] GET https://abs.twimg.com/x-web/x-web/assets/timeline-fallback-D2B5sdn4.js → pending (?ms, ?B)
[2026-06-16T04:33:56.878Z] GET https://abs.twimg.com/x-web/x-web/assets/with_comments-CtZvZuVP.js → pending (?ms, ?B)
[2026-06-16T04:33:56.878Z] GET https://abs.twimg.com/x-web/x-web/assets/_num-BsSWvjJ6.js → pending (?ms, ?B)
[2026-06-16T04:33:56.878Z] GET https://abs.twimg.com/x-web/x-web/assets/home-BgwFC0OW.js → pending (?ms, ?B)
[2026-06-16T04:33:56.878Z] GET https://abs.twimg.com/x-web/x-web/assets/download-xUIsDtiT.js → pending (?ms, ?B)
[2026-06-16T04:33:56.878Z] GET https://abs.twimg.com/x-web/x-web/assets/_tag-BUfLG2Xl.js → pending (?ms, ?B)
[2026-06-16T04:33:56.878Z] GET https://abs.twimg.com/x-web/x-web/assets/require-auth-unless-crawler-DzIR-icZ.js → pending (?ms, ?B)
[2026-06-16T04:33:56.878Z] GET https://abs.twimg.com/x-web/x-web/assets/_id-BqxmwqPY.js → pending (?ms, ?B)
[2026-06-16T04:33:56.878Z] GET https://abs.twimg.com/x-web/x-web/assets/_broadcastId-DpKJ9EpJ.js → pending (?ms, ?B)
[2026-06-16T04:33:56.878Z] GET https://abs.twimg.com/x-web/x-web/assets/_id-Bjw6vYF1.js → pending (?ms, ?B)
[2026-06-16T04:33:56.879Z] GET https://abs.twimg.com/x-web/x-web/assets/_id-Dw10wLjj.js → pending (?ms, ?B)
[2026-06-16T04:33:56.879Z] GET https://abs.twimg.com/x-web/x-web/assets/_folderId-3MAsdPqO.js → pending (?ms, ?B)
[2026-06-16T04:33:56.879Z] GET https://abs.twimg.com/x-web/x-web/assets/bookmarks-X_IhWeFx.js → pending (?ms, ?B)
[2026-06-16T04:33:56.879Z] GET https://abs.twimg.com/x-web/x-web/assets/_broadcastId-DqdFz4jz.js → pending (?ms, ?B)
[2026-06-16T04:33:56.879Z] GET https://abs.twimg.com/x-web/x-web/assets/_insightId-BpWdpngG.js → pending (?ms, ?B)
[2026-06-16T04:33:56.879Z] GET https://abs.twimg.com/x-web/x-web/assets/_token-NNJ_0GPY.js → pending (?ms, ?B)
[2026-06-16T04:33:56.879Z] GET https://abs.twimg.com/x-web/x-web/assets/_mode-C1HE1wZo.js → pending (?ms, ?B)
[2026-06-16T04:33:56.879Z] GET https://abs.twimg.com/x-web/x-web/assets/_people-D6mTo3lA.js → pending (?ms, ?B)
[2026-06-16T04:33:56.879Z] GET https://abs.twimg.com/x-web/x-web/assets/_community-DBDFfDWC.js → pending (?ms, ?B)
[2026-06-16T04:33:56.879Z] GET https://abs.twimg.com/x-web/x-web/assets/_community-Cm9NR44l.js → pending (?ms, ?B)
[2026-06-16T04:33:56.879Z] GET https://abs.twimg.com/x-web/x-web/assets/latest-BJkZ3ySo.js → pending (?ms, ?B)
[2026-06-16T04:33:56.879Z] GET https://abs.twimg.com/x-web/x-web/assets/media-B6TyyiSR.js → pending (?ms, ?B)
[2026-06-16T04:33:56.879Z] GET https://abs.twimg.com/x-web/x-web/assets/members-DvfQvG8U.js → pending (?ms, ?B)
[2026-06-16T04:33:56.879Z] GET https://abs.twimg.com/x-web/x-web/assets/moderators-Cc7Gm2dB.js → pending (?ms, ?B)
[2026-06-16T04:33:56.879Z] GET https://abs.twimg.com/x-web/x-web/assets/_eventId-D0JLAnWz.js → pending (?ms, ?B)
[2026-06-16T04:33:56.879Z] GET https://abs.twimg.com/x-web/x-web/assets/_-D5eSTlG5.js → pending (?ms, ?B)
[2026-06-16T04:33:56.879Z] GET https://abs.twimg.com/x-web/x-web/assets/_-DDPDB9jL.js → pending (?ms, ?B)
[2026-06-16T04:33:56.879Z] GET https://abs.twimg.com/x-web/x-web/assets/onboarding-Dpj-2NuJ.js → pending (?ms, ?B)
[2026-06-16T04:33:56.879Z] GET https://abs.twimg.com/x-web/x-web/assets/web-DMpd1VeO.js → pending (?ms, ?B)
[2026-06-16T04:33:56.879Z] GET https://abs.twimg.com/x-web/x-web/assets/_listId-BBEUUiUM.js → pending (?ms, ?B)
[2026-06-16T04:33:56.879Z] GET https://abs.twimg.com/x-web/x-web/assets/ocf_arkose_challenge-BSNFtTnM.js → pending (?ms, ?B)
[2026-06-16T04:33:56.879Z] GET https://abs.twimg.com/x-web/x-web/assets/_insightId-BkzfP2Qg.js → pending (?ms, ?B)
[2026-06-16T04:33:56.879Z] GET https://abs.twimg.com/x-web/x-web/assets/redirect-BgEbUoU6.js → pending (?ms, ?B)
[2026-06-16T04:33:56.879Z] GET https://abs.twimg.com/x-web/x-web/assets/_spaceId-NVE_IHvF.js → pending (?ms, ?B)
[2026-06-16T04:33:56.879Z] GET https://abs.twimg.com/x-web/x-web/assets/_id-BKpqvYL4.js → pending (?ms, ?B)
[2026-06-16T04:33:56.879Z] GET https://abs.twimg.com/x-web/x-web/assets/routes-C52koCG_.js → pending (?ms, ?B)
[2026-06-16T04:33:56.879Z] GET https://abs.twimg.com/x-web/x-web/assets/logout-LO5CviJX.js → pending (?ms, ?B)
[2026-06-16T04:33:56.879Z] GET https://abs.twimg.com/x-web/x-web/assets/search-D-waYvRg.js → pending (?ms, ?B)
[2026-06-16T04:33:56.879Z] GET https://abs.twimg.com/x-web/x-web/assets/dropdown-menu-Cxip2OIb.js → pending (?ms, ?B)
[2026-06-16T04:33:56.879Z] GET https://abs.twimg.com/x-web/x-web/assets/Match--IsdsjBn.js → pending (?ms, ?B)
[2026-06-16T04:33:56.879Z] GET https://abs.twimg.com/x-web/x-web/assets/Matches-DD28xsr8.js → pending (?ms, ?B)
[2026-06-16T04:33:56.879Z] GET https://abs.twimg.com/x-web/x-web/assets/useLocation-C5SeyW-x.js → pending (?ms, ?B)
[2026-06-16T04:33:56.879Z] GET https://abs.twimg.com/x-web/x-web/assets/client-only-ulx2JMEH.js → pending (?ms, ?B)
[2026-06-16T04:33:56.879Z] GET https://abs.twimg.com/x-web/x-web/assets/use-is-hydrated-B464r0RY.js → pending (?ms, ?B)
[2026-06-16T04:33:56.879Z] GET https://abs.twimg.com/x-web/x-web/assets/empty-state-DkC4bXA0.js → pending (?ms, ?B)
[2026-06-16T04:33:56.879Z] GET https://abs.twimg.com/x-web/x-web/assets/toast-B_THlyVr.js → pending (?ms, ?B)
[2026-06-16T04:33:56.879Z] GET https://abs.twimg.com/x-web/x-web/assets/use-theme-BMEtiBOI.js → pending (?ms, ?B)
[2026-06-16T04:33:56.879Z] GET https://abs.twimg.com/x-web/x-web/assets/sidebar-context-COjK53lF.js → pending (?ms, ?B)
[2026-06-16T04:33:56.879Z] GET https://abs.twimg.com/x-web/x-web/assets/mobile-top-bar-BKbEr40E.js → pending (?ms, ?B)
[2026-06-16T04:33:56.879Z] GET https://abs.twimg.com/x-web/x-web/assets/sidebar-button-styles-DAkZaAp3.js → pending (?ms, ?B)
[2026-06-16T04:33:56.879Z] GET https://abs.twimg.com/x-web/x-web/assets/use-back-navigation-Cc8cQp9y.js → pending (?ms, ?B)
[2026-06-16T04:33:56.879Z] GET https://abs.twimg.com/x-web/x-web/assets/icon-verified-stroke-BfXDcs5t.js → pending (?ms, ?B)
[2026-06-16T04:33:56.879Z] GET https://abs.twimg.com/x-web/x-web/assets/icon-logo-apple-kbNcYgr1.js → pending (?ms, ?B)
[2026-06-16T04:33:56.879Z] GET https://abs.twimg.com/x-web/x-web/assets/icon-person-stroke-BNC-DPOC.js → pending (?ms, ?B)
[2026-06-16T04:33:56.879Z] GET https://abs.twimg.com/x-web/x-web/assets/icon-plus-DMeGlF1j.js → pending (?ms, ?B)
[2026-06-16T04:33:56.879Z] GET https://abs.twimg.com/x-web/x-web/assets/icon-promoted-pill-stroke-CJBUA02x.js → pending (?ms, ?B)
[2026-06-16T04:33:56.879Z] GET https://abs.twimg.com/x-web/x-web/assets/icon-search-BX-Zy7ft.js → pending (?ms, ?B)
[2026-06-16T04:33:56.879Z] GET https://abs.twimg.com/x-web/x-web/assets/icon-x-DUeiLV-a.js → pending (?ms, ?B)
[2026-06-16T04:33:56.879Z] GET https://abs.twimg.com/x-web/x-web/assets/local-storage-UAjCQM6J.js → pending (?ms, ?B)
[2026-06-16T04:33:56.879Z] GET https://abs.twimg.com/x-web/x-web/assets/use-search-params-B55mvTqU.js → pending (?ms, ?B)
[2026-06-16T04:33:56.879Z] GET https://abs.twimg.com/x-web/x-web/assets/layout-Be3dTBqy.js → pending (?ms, ?B)
[2026-06-16T04:33:56.880Z] GET https://abs.twimg.com/x-web/x-web/assets/castle-DauZMu7R.js → pending (?ms, ?B)
[2026-06-16T04:33:56.880Z] GET https://abs.twimg.com/x-web/x-web/assets/is-external-relative-path-DGMR0lwN.js → pending (?ms, ?B)
[2026-06-16T04:33:56.880Z] GET https://abs.twimg.com/x-web/x-web/assets/consent-signal-util-DYUVE7s4.js → pending (?ms, ?B)
[2026-06-16T04:33:56.880Z] GET https://abs.twimg.com/x-web/x-web/assets/use-cookie-preference-state-B6NdgYF2.js → pending (?ms, ?B)
[2026-06-16T04:33:56.880Z] GET https://abs.twimg.com/x-web/x-web/assets/icon-logo-google-C214s_Nf.js → pending (?ms, ?B)
[2026-06-16T04:33:56.880Z] GET https://abs.twimg.com/x-web/x-web/assets/en-K-ChaU3E.js → pending (?ms, ?B)
[2026-06-16T04:33:56.880Z] GET https://abs.twimg.com/x-web/x-web/assets/en-D61OZRl2.js → pending (?ms, ?B)
[2026-06-16T04:33:56.880Z] GET https://abs.twimg.com/x-web/x-web/assets/styles-CW9lWQDG.css → pending (?ms, ?B)
[2026-06-16T04:33:56.880Z] GET https://abs.twimg.com/x-web/x-web/entry-client-logged-out-BIiSNPB-.js → pending (?ms, ?B)
[2026-06-16T04:33:56.880Z] GET https://accounts.google.com/gsi/client → pending (?ms, ?B)
[2026-06-16T04:33:56.880Z] GET https://appleid.cdn-apple.com/appleauth/static/jsapi/appleid/1/en_US/appleid.auth.js → pending (?ms, ?B)
[2026-06-16T04:33:56.900Z] GET https://video.twimg.com/amplify_video/2064419379664617472/pl/Hxx9_7OBeS9V_EI8.m3u8?tag=27&v=997 → pending (?ms, ?B)
[2026-06-16T04:33:56.900Z] GET https://video.twimg.com/amplify_video/2065469018463420416/pl/jnwto1YqqH6VMDf3.m3u8?tag=27&v=f22 → pending (?ms, ?B)
[2026-06-16T04:33:56.900Z] GET https://video.twimg.com/amplify_video/2064523888281665537/pl/8-xN-XOswMT62YEy.m3u8?tag=14&v=aea → pending (?ms, ?B)
[2026-06-16T04:33:57.144Z] GET https://video.twimg.com/amplify_video/2064523888281665537/pl/8-xN-XOswMT62YEy.m3u8?tag=14&v=aea → 206 (106ms, 1426B)
[2026-06-16T04:33:57.144Z] GET https://video.twimg.com/amplify_video/2064419379664617472/pl/Hxx9_7OBeS9V_EI8.m3u8?tag=27&v=997 → 206 (106ms, 1629B)
[2026-06-16T04:33:57.144Z] GET https://video.twimg.com/amplify_video/2065469018463420416/pl/jnwto1YqqH6VMDf3.m3u8?tag=27&v=f22 → 206 (107ms, 1659B)
[2026-06-16T04:33:57.246Z] GET https://pbs.twimg.com/profile_images/1321163587679784960/0ZxKlEKB_normal.jpg → 200 (5ms, 2491B)
[2026-06-16T04:33:57.246Z] GET https://pbs.twimg.com/profile_images/2062605835256127489/atNMwHxg_normal.jpg → 200 (6ms, 2111B)
[2026-06-16T04:33:57.246Z] GET https://abs.twimg.com/responsive-web/client-web/Chirp-Heavy.f44ae4ea.woff2 → 200 (315ms, 43604B)
[2026-06-16T04:33:57.246Z] GET https://abs.twimg.com/responsive-web/client-web/Chirp-Regular.80fda27a.woff2 → 200 (315ms, 44660B)
[2026-06-16T04:33:57.246Z] GET https://abs.twimg.com/responsive-web/client-web/Chirp-Medium.f8e2739a.woff2 → 200 (334ms, 44744B)
[2026-06-16T04:33:57.246Z] GET https://abs.twimg.com/responsive-web/client-web/Chirp-Bold.ebb56aba.woff2 → 200 (341ms, 45016B)
[2026-06-16T04:33:57.246Z] GET https://pbs.twimg.com/profile_images/1321163587679784960/0ZxKlEKB_400x400.jpg → 200 (51ms, 25958B)
[2026-06-16T04:33:57.246Z] GET https://pbs.twimg.com/profile_images/2052785413719212034/9NTTJaza_normal.jpg → 200 (81ms, 2187B)
[2026-06-16T04:33:57.246Z] GET https://pbs.twimg.com/media/HK3QCp3XcAEhNGa.jpg → 200 (77ms, 43790B)
[2026-06-16T04:33:57.246Z] GET https://pbs.twimg.com/media/HK3QCqLWUAAltw-.jpg → 200 (81ms, 39425B)
[2026-06-16T04:33:57.246Z] GET https://pbs.twimg.com/media/HK3QCrBXgAA0MGv.jpg → 200 (84ms, 51051B)
[2026-06-16T04:33:57.247Z] GET https://pbs.twimg.com/media/HK3QCxcW8AAcBvi.jpg → 200 (76ms, 63095B)
[2026-06-16T04:33:57.247Z] GET https://pbs.twimg.com/media/HK3dJRgX0AAQNec.jpg → 200 (80ms, 275377B)
[2026-06-16T04:33:57.247Z] GET https://pbs.twimg.com/profile_images/2001755387486232576/mf5hRS_U_normal.jpg → 200 (80ms, 2187B)
[2026-06-16T04:33:57.247Z] GET https://pbs.twimg.com/media/HKxvsIbXYAAviWl.jpg → 200 (119ms, 79182B)
[2026-06-16T04:33:57.247Z] GET https://pbs.twimg.com/media/HKpKhAzWkAACPxk.jpg → 200 (121ms, 57694B)
[2026-06-16T04:33:57.247Z] GET https://pbs.twimg.com/profile_images/2054928354080374784/K38jZ7wM_normal.jpg → 200 (76ms, 1731B)
[2026-06-16T04:33:57.247Z] GET https://pbs.twimg.com/media/HKoy0b2WYAADyjS.jpg → 200 (78ms, 44462B)
[2026-06-16T04:33:57.247Z] GET https://pbs.twimg.com/media/HKox2XrXMAEXN2P.jpg → 200 (83ms, 191289B)
[2026-06-16T04:33:57.248Z] GET https://pbs.twimg.com/media/HKoVUKhXIAAbPAD.jpg → 200 (140ms, 120038B)
[2026-06-16T04:33:57.248Z] GET https://pbs.twimg.com/profile_images/2030158374625759233/3fWyLDjS_normal.jpg → 200 (139ms, 2187B)
[2026-06-16T04:33:57.248Z] GET https://pbs.twimg.com/media/HKiwzE_WgAAr83P.jpg → 200 (84ms, 197281B)
[2026-06-16T04:33:57.283Z] GET https://video.twimg.com/amplify_video/2064523888281665537/pl/avc1/480x270/mL7NjfVKY_9bgvlb.m3u8 → 206 (50ms, 1097B)
[2026-06-16T04:33:57.283Z] GET https://video.twimg.com/amplify_video/2064419379664617472/pl/avc1/480x270/KJGuDeu_sOFfovls.m3u8 → 206 (51ms, 3097B)
[2026-06-16T04:33:57.283Z] GET https://video.twimg.com/amplify_video/2065469018463420416/pl/avc1/320x320/bhaWRgoNFesromA3.m3u8 → 206 (50ms, 3802B)
[2026-06-16T04:33:57.334Z] GET https://video.twimg.com/amplify_video/2064523888281665537/pl/mp4a/32000/UV3OEO1wHq435ONq.m3u8 → 206 (61ms, 1175B)
[2026-06-16T04:33:57.334Z] GET https://video.twimg.com/amplify_video/2065469018463420416/pl/mp4a/32000/v88C9UDbhrmiEkA2.m3u8 → 206 (61ms, 3728B)
[2026-06-16T04:33:57.334Z] GET https://video.twimg.com/amplify_video/2064419379664617472/pl/mp4a/32000/NmGgZKQ9lyadONz-.m3u8 → 206 (62ms, 3037B)
[2026-06-16T04:33:57.396Z] GET https://video.twimg.com/amplify_video/2064523888281665537/vid/avc1/0/0/480x270/pA_MOvrnHwzIYbai.mp4 → 206 (51ms, 898B)
[2026-06-16T04:33:57.396Z] GET https://video.twimg.com/amplify_video/2065469018463420416/vid/avc1/0/0/320x320/CUkKriL8L4I2dRlQ.mp4 → 206 (50ms, 897B)
[2026-06-16T04:33:57.396Z] GET https://video.twimg.com/amplify_video/2064419379664617472/vid/avc1/0/0/480x270/nXPHfH7QTtjw-9MT.mp4 → 206 (50ms, 898B)
[2026-06-16T04:33:57.447Z] GET https://video.twimg.com/amplify_video/2064419379664617472/vid/avc1/0/3000/480x270/4kCQw6qTvaF6zd8A.m4s → 206 (100ms, 17731B)
[2026-06-16T04:33:57.447Z] GET https://video.twimg.com/amplify_video/2065469018463420416/vid/avc1/0/3000/320x320/FeFVQ03zVX5u95hp.m4s → 206 (101ms, 53313B)
[2026-06-16T04:33:57.447Z] GET https://video.twimg.com/amplify_video/2064523888281665537/vid/avc1/0/3000/480x270/PYDOc6XZS1sIipFQ.m4s → 206 (104ms, 18869B)
[2026-06-16T04:33:57.549Z] GET https://video.twimg.com/amplify_video/2064419379664617472/aud/mp4a/0/0/32000/I0yO3nUlUcfJg_If.mp4 → 206 (40ms, 786B)
[2026-06-16T04:33:57.551Z] GET https://video.twimg.com/amplify_video/2065469018463420416/aud/mp4a/0/0/32000/aayX2pHL8Q1mHEso.mp4 → 206 (38ms, 786B)
[2026-06-16T04:33:57.578Z] GET https://video.twimg.com/amplify_video/2064523888281665537/aud/mp4a/0/0/32000/PUaVSKeooBAK5055.mp4 → 206 (33ms, 786B)
[2026-06-16T04:33:57.589Z] GET https://video.twimg.com/amplify_video/2065469018463420416/aud/mp4a/0/3000/32000/62FC8fDjG1Crgq2u.m4s → 206 (35ms, 13147B)
[2026-06-16T04:33:57.589Z] GET https://video.twimg.com/amplify_video/2064419379664617472/aud/mp4a/0/3000/32000/J2aHs6sEQPncK4mj.m4s → 206 (35ms, 13074B)
[2026-06-16T04:33:57.611Z] GET https://video.twimg.com/amplify_video/2064523888281665537/aud/mp4a/0/3000/32000/3MKyaVuRKTpVZjV0.m4s → 206 (83ms, 13540B)
[2026-06-16T04:33:57.688Z] POST https://api.x.com/1.1/guest/activate.json → pending (?ms, ?B)
[2026-06-16T04:33:57.688Z] GET https://x.com/cdn-cgi/challenge-platform/scripts/jsd/main.js → 302 (31ms, ?B)
[2026-06-16T04:33:57.708Z] POST https://o30969.ingest.us.sentry.io/api/4511225020219392/envelope/?sentry_version=7&sentry_key=b523016f172e2f101d4f771b022ba96c&sentry_client=sentry.javascript.react%2F10.55.0 → pending (?ms, ?B)
[2026-06-16T04:33:57.715Z] GET https://abs.twimg.com/x-web/x-web/assets/_profile-DyiLJXiM.js → 200 (26ms, 4030B)
[2026-06-16T04:33:57.715Z] GET https://abs.twimg.com/x-web/x-web/assets/engagement-login-modal-BfVNPMIu.js → 200 (26ms, 6541B)
[2026-06-16T04:33:57.715Z] GET https://abs.twimg.com/x-web/x-web/assets/icon-communities-plus-stroke-Batg2ZAy.js → 200 (35ms, 1851B)
[2026-06-16T04:33:57.716Z] GET https://abs.twimg.com/x-web/x-web/assets/logged-out-app-store-obstruction-DOcT8DrD.js → 200 (33ms, 10511B)
[2026-06-16T04:33:57.716Z] GET https://abs.twimg.com/x-web/x-web/assets/facepile-Cv5dR2xi.js → 200 (34ms, 1693B)
[2026-06-16T04:33:57.716Z] GET https://abs.twimg.com/x-web/x-web/assets/modal-CyEad4F7.js → 200 (28ms, 31421B)
[2026-06-16T04:33:57.716Z] GET https://abs.twimg.com/x-web/x-web/assets/user-profile-DCHbaGD-.js → 200 (25ms, 21632B)
[2026-06-16T04:33:57.716Z] GET https://abs.twimg.com/x-web/x-web/assets/tabs-xCa2Uenl.js → 200 (37ms, 141196B)
[2026-06-16T04:33:57.716Z] GET https://abs.twimg.com/x-web/x-web/assets/icon-checkmark-BqgQDo9H.js → 200 (25ms, 1110B)
[2026-06-16T04:33:57.716Z] GET https://abs.twimg.com/x-web/x-web/assets/icon-chevron-down-9LvOtPaU.js → 200 (32ms, 1103B)
[2026-06-16T04:33:57.716Z] GET https://abs.twimg.com/x-web/x-web/assets/icon-balloon-BnTXHRRb.js → 200 (31ms, 1176B)
[2026-06-16T04:33:57.716Z] GET https://abs.twimg.com/x-web/x-web/assets/icon-calendar-CyPoOcCI.js → 200 (33ms, 1331B)
[2026-06-16T04:33:57.716Z] GET https://abs.twimg.com/x-web/x-web/assets/icon-location-stroke-CZWhB9Ha.js → 200 (28ms, 1438B)
[2026-06-16T04:33:57.716Z] GET https://abs.twimg.com/x-web/x-web/assets/icon-search-stroke-BIYz1rxC.js → 200 (34ms, 1359B)
[2026-06-16T04:33:57.716Z] GET https://abs.twimg.com/x-web/x-web/assets/_profile-Bo5_HreQ.js → 200 (28ms, 1316B)
[2026-06-16T04:33:57.716Z] GET https://abs.twimg.com/x-web/x-web/assets/_profile-AE3KHI-n.js → 200 (28ms, 1864B)
[2026-06-16T04:33:57.716Z] GET https://abs.twimg.com/x-web/x-web/assets/profile-CYkMJLad.js → 200 (37ms, 56370B)
[2026-06-16T04:33:57.716Z] GET https://abs.twimg.com/x-web/x-web/assets/create-urt-DhKBdFag.js → 200 (37ms, 67661B)
[2026-06-16T04:33:57.717Z] GET https://abs.twimg.com/x-web/x-web/assets/scroller-Cwb9d85G.js → 200 (36ms, 13945B)
[2026-06-16T04:33:57.717Z] GET https://abs.twimg.com/x-web/x-web/assets/skeleton-ZQq2Ledh.js → 200 (34ms, 2345B)
[2026-06-16T04:33:57.717Z] GET https://abs.twimg.com/x-web/x-web/assets/icon-pin-aXaoh9Tf.js → 200 (33ms, 2860B)
[2026-06-16T04:33:57.717Z] GET https://abs.twimg.com/x-web/x-web/assets/icon-lock-stroke-ssM6nHys.js → 200 (33ms, 1406B)
[2026-06-16T04:33:57.717Z] GET https://video.twimg.com/amplify_video/2065469018463420416/pl/avc1/540x540/VnNbe6m4oXzkFVeP.m3u8 → 206 (27ms, 3802B)
[2026-06-16T04:33:57.717Z] GET https://video.twimg.com/amplify_video/2064419379664617472/vid/avc1/3000/6000/480x270/IpiOh3qfMuB3Jnr6.m4s → 206 (27ms, ?B)
[2026-06-16T04:33:57.717Z] GET https://video.twimg.com/amplify_video/2064523888281665537/vid/avc1/3000/6000/480x270/fpTHD1Nl7BWtWW63.m4s → 206 (44ms, ?B)
[2026-06-16T04:33:57.719Z] GET https://x.com/cdn-cgi/challenge-platform/h/g/scripts/jsd/8fc8ed1d8752/main.js? → 200 (42ms, ?B)
[2026-06-16T04:33:57.719Z] GET https://abs.twimg.com/x-web/x-web/assets/esm-CiLRJP85.js → 200 (32ms, 6718B)
[2026-06-16T04:33:57.744Z] GET https://video.twimg.com/amplify_video/2065469018463420416/pl/mp4a/64000/QAnuboqJLlqSKebI.m3u8 → pending (?ms, ?B)
[2026-06-16T04:33:57.783Z] GET https://api.x.com/1.1/help/settings.json?include_zero_rate=true&feature_set_token=b26d3c5577c686a3a7c4edd044802980f12a48ba → pending (?ms, ?B)
[2026-06-16T04:33:58.453Z] POST https://x.com/cdn-cgi/challenge-platform/h/g/jsd/oneshot/8fc8ed1d8752/0.7849843991081333:1781583040:Cj8rdJ0LxvZp_FRQUpHAIJnYbhOgYOgp6xfF_1oJl4s/a0c71965bafcf4d9 → 200 (172ms, ?B)
[2026-06-16T04:33:58.590Z] GET https://pbs.twimg.com/media/HKakXC-bMAAViAg.jpg → 200 (41ms, 158071B)
[2026-06-16T04:33:58.590Z] GET https://pbs.twimg.com/amplify_video_thumb/2064389723804647424/img/k9VZGf6eWZFG_RBt.jpg → 200 (39ms, 120516B)
[2026-06-16T04:33:58.590Z] GET https://pbs.twimg.com/amplify_video_thumb/2064391516710109184/img/TzhQ2a7-J5O47YSW.jpg → 200 (35ms, 110255B)
[2026-06-16T04:33:58.590Z] GET https://accounts.google.com/gsi/style → 200 (75ms, 696B)
[2026-06-16T04:33:58.591Z] GET https://accounts.google.com/gsi/button?theme=outline&size=large&shape=pill&logo_alignment=center&text=signup_with&width=294&is_fedcm_supported=true&client_id=49625052041-kgt0hghf445lmcmhijv46b715m2mpbct.apps.googleusercontent.com&iframe_id=gsi_438584_408438&cas=eF%2BKGEbHuy%2Fmhq4R6IBkfZhbqfM7WnmO%2BuHnQNStsdc&hl=en → pending (?ms, ?B)
[2026-06-16T04:33:58.591Z] GET https://abs.twimg.com/x-web/x-web/assets/hls-D4imSEfN.js → 200 (92ms, 510446B)
[2026-06-16T04:33:58.591Z] GET https://api.x.com/graphql/SljtV3y1cisvsbuDdPKo3Q/BroadcastQuery?variables=%7B%22broadcastId%22%3A%221DxleekBrkVKL%22%7D → 200 (158ms, 21972B)
[2026-06-16T04:33:58.641Z] GET https://google.com/.well-known/web-identity → pending (?ms, ?B)
[2026-06-16T04:33:58.641Z] GET https://accounts.google.com/gsi/fedcm.json → 200 (164ms, 1386B)
[2026-06-16T04:33:58.691Z] GET https://video.twimg.com/amplify_video/2064419379664617472/pl/Hxx9_7OBeS9V_EI8.m3u8?tag=27&v=997 → 200 (100ms, 1629B)
[2026-06-16T04:33:58.692Z] GET https://video.twimg.com/amplify_video/2065469018463420416/pl/jnwto1YqqH6VMDf3.m3u8?tag=27&v=f22 → 200 (101ms, 1659B)
[2026-06-16T04:33:58.692Z] GET https://video.twimg.com/amplify_video/2064523888281665537/pl/8-xN-XOswMT62YEy.m3u8?tag=14&v=aea → 200 (100ms, 1426B)
[2026-06-16T04:33:58.791Z] GET https://video.twimg.com/amplify_video/2064419379664617472/pl/avc1/480x270/KJGuDeu_sOFfovls.m3u8 → 200 (50ms, 3097B)
[2026-06-16T04:33:58.791Z] GET https://video.twimg.com/amplify_video/2064419379664617472/pl/mp4a/32000/NmGgZKQ9lyadONz-.m3u8 → 200 (63ms, 3037B)
[2026-06-16T04:33:58.792Z] GET https://video.twimg.com/amplify_video/2064523888281665537/pl/avc1/480x270/mL7NjfVKY_9bgvlb.m3u8 → 200 (62ms, 1097B)
[2026-06-16T04:33:58.792Z] GET https://video.twimg.com/amplify_video/2064523888281665537/pl/mp4a/32000/UV3OEO1wHq435ONq.m3u8 → 200 (63ms, 1175B)
[2026-06-16T04:33:58.793Z] GET https://video.twimg.com/amplify_video/2065469018463420416/pl/avc1/320x320/bhaWRgoNFesromA3.m3u8 → 200 (61ms, 3802B)
[2026-06-16T04:33:58.793Z] GET https://video.twimg.com/amplify_video/2065469018463420416/pl/mp4a/32000/v88C9UDbhrmiEkA2.m3u8 → 200 (62ms, 3728B)
[2026-06-16T04:33:58.853Z] GET https://video.twimg.com/amplify_video/2064419379664617472/vid/avc1/0/0/480x270/nXPHfH7QTtjw-9MT.mp4 → 200 (28ms, 898B)
[2026-06-16T04:33:58.854Z] GET https://video.twimg.com/amplify_video/2064419379664617472/aud/mp4a/0/0/32000/I0yO3nUlUcfJg_If.mp4 → 200 (31ms, 786B)
[2026-06-16T04:33:58.854Z] GET https://video.twimg.com/amplify_video/2065469018463420416/vid/avc1/0/0/320x320/CUkKriL8L4I2dRlQ.mp4 → 200 (31ms, 897B)
[2026-06-16T04:33:58.854Z] GET https://video.twimg.com/amplify_video/2064523888281665537/vid/avc1/0/0/480x270/pA_MOvrnHwzIYbai.mp4 → 200 (32ms, 898B)
[2026-06-16T04:33:58.855Z] GET https://video.twimg.com/amplify_video/2065469018463420416/aud/mp4a/0/0/32000/aayX2pHL8Q1mHEso.mp4 → 200 (31ms, 786B)
[2026-06-16T04:33:58.855Z] GET https://video.twimg.com/amplify_video/2064523888281665537/aud/mp4a/0/0/32000/PUaVSKeooBAK5055.mp4 → 200 (30ms, 786B)
[2026-06-16T04:33:58.884Z] GET https://video.twimg.com/amplify_video/2064419379664617472/vid/avc1/0/3000/480x270/4kCQw6qTvaF6zd8A.m4s → pending (?ms, ?B)
[2026-06-16T04:33:58.885Z] GET https://video.twimg.com/amplify_video/2064419379664617472/aud/mp4a/0/3000/32000/J2aHs6sEQPncK4mj.m4s → pending (?ms, ?B)
[2026-06-16T04:33:58.885Z] GET https://video.twimg.com/amplify_video/2065469018463420416/vid/avc1/0/3000/320x320/FeFVQ03zVX5u95hp.m4s → pending (?ms, ?B)
[2026-06-16T04:33:58.885Z] GET https://video.twimg.com/amplify_video/2064523888281665537/aud/mp4a/0/3000/32000/3MKyaVuRKTpVZjV0.m4s → pending (?ms, ?B)
[2026-06-16T04:33:58.886Z] GET https://video.twimg.com/amplify_video/2065469018463420416/aud/mp4a/0/3000/32000/62FC8fDjG1Crgq2u.m4s → pending (?ms, ?B)
[2026-06-16T04:33:58.886Z] GET https://video.twimg.com/amplify_video/2064523888281665537/vid/avc1/0/3000/480x270/PYDOc6XZS1sIipFQ.m4s → pending (?ms, ?B)
[2026-06-16T04:33:58.926Z] GET https://video.twimg.com/amplify_video/2064419379664617472/pl/mp4a/64000/Zd8CS_KTKJIQLnlO.m3u8 → 200 (43ms, 3037B)
[2026-06-16T04:33:58.926Z] GET https://video.twimg.com/amplify_video/2064419379664617472/pl/avc1/640x360/sFkv2Rb-_wZn3C9I.m3u8 → 200 (44ms, 3097B)
[2026-06-16T04:33:58.969Z] GET https://video.twimg.com/amplify_video/2064419379664617472/aud/mp4a/0/0/64000/Wj9b1bFiPSjOt_Ue.mp4 → 200 (34ms, 786B)
[2026-06-16T04:33:58.970Z] GET https://video.twimg.com/amplify_video/2064419379664617472/vid/avc1/0/0/640x360/pj7vGGMkxW_bWlV7.mp4 → 200 (31ms, 898B)
[2026-06-16T04:33:58.997Z] GET https://video.twimg.com/amplify_video/2064523888281665537/pl/mp4a/128000/qD_vfL7q5FhjmMDm.m3u8 → 200 (35ms, 1186B)
[2026-06-16T04:33:58.997Z] GET https://video.twimg.com/amplify_video/2064523888281665537/pl/avc1/1280x720/3toOZ-3b58Wstsgo.m3u8 → 200 (34ms, 1107B)
[2026-06-16T04:33:58.997Z] GET https://video.twimg.com/amplify_video/2065469018463420416/pl/mp4a/128000/MhABOYjcBgahRqmd.m3u8 → 200 (127ms, 3765B)
[2026-06-16T04:33:58.997Z] GET https://video.twimg.com/amplify_video/2065469018463420416/pl/avc1/1080x1080/BstATrdUTfbIKFJ5.m3u8 → 200 (127ms, 3876B)
[2026-06-16T04:33:59.003Z] GET https://video.twimg.com/amplify_video/2064419379664617472/vid/avc1/3000/6000/640x360/Msc70VreSsLH7FfU.m4s → 200 (122ms, 132733B)
[2026-06-16T04:33:59.003Z] GET https://video.twimg.com/amplify_video/2064419379664617472/aud/mp4a/3000/6000/64000/NHTMNn41WbM_uCVe.m4s → 200 (122ms, 24586B)
[2026-06-16T04:33:59.031Z] GET https://video.twimg.com/amplify_video/2064523888281665537/vid/avc1/0/0/1280x720/CHAwexE3qgMYGbwr.mp4 → 200 (111ms, 903B)
[2026-06-16T04:33:59.032Z] GET https://video.twimg.com/amplify_video/2064523888281665537/aud/mp4a/0/0/128000/mI0b_XwQhXd03Bga.mp4 → 200 (110ms, 786B)
[2026-06-16T04:33:59.124Z] GET https://accounts.google.com/gsi/fedcm/listaccounts → 200 (80ms, 15B)
[2026-06-16T04:33:59.124Z] GET https://video.twimg.com/amplify_video/2065469018463420416/aud/mp4a/0/0/128000/RVy04pkTAMihnt85.mp4 → 200 (31ms, 786B)
[2026-06-16T04:33:59.124Z] GET https://video.twimg.com/amplify_video/2065469018463420416/vid/avc1/0/0/1080x1080/ZpEVGDXQdNUlLI2m.mp4 → 200 (32ms, 905B)
[2026-06-16T04:33:59.126Z] GET https://video.twimg.com/amplify_video/2064419379664617472/aud/mp4a/6000/9000/64000/8z4N_YMatiF7N4u7.m4s → pending (?ms, ?B)
[2026-06-16T04:33:59.126Z] GET https://video.twimg.com/amplify_video/2064419379664617472/pl/mp4a/128000/VZkiFtgvfPfHUvbR.m3u8 → 200 (29ms, 3067B)
[2026-06-16T04:33:59.126Z] GET https://video.twimg.com/amplify_video/2064419379664617472/pl/avc1/1920x1080/nvCuJcSjYzBBByLu.m3u8 → 200 (29ms, 3157B)
[2026-06-16T04:33:59.142Z] GET https://video.twimg.com/amplify_video/2064523888281665537/vid/avc1/3000/6000/1280x720/v6iPUm09I6VePRen.m4s → 200 (37ms, 233547B)
[2026-06-16T04:33:59.142Z] GET https://video.twimg.com/amplify_video/2064523888281665537/aud/mp4a/3000/6000/128000/3gjXPexDhZowbl4V.m4s → 200 (35ms, 48475B)
[2026-06-16T04:33:59.155Z] GET https://video.twimg.com/amplify_video/2064419379664617472/vid/avc1/0/0/1920x1080/mFg-g6vlPDxDdDNj.mp4 → 200 (49ms, 904B)
[2026-06-16T04:33:59.155Z] GET https://video.twimg.com/amplify_video/2065469018463420416/aud/mp4a/3000/6000/128000/D39qqXlIYwd9Tws8.m4s → 200 (49ms, 48294B)
[2026-06-16T04:33:59.155Z] GET https://video.twimg.com/amplify_video/2064419379664617472/aud/mp4a/0/0/128000/CzmfY6Ry7zNCR3hj.mp4 → 200 (49ms, 786B)
[2026-06-16T04:33:59.156Z] GET https://video.twimg.com/amplify_video/2065469018463420416/vid/avc1/3000/6000/1080x1080/bFLpp-pUqO0u9R1Y.m4s → 200 (50ms, 240518B)
[2026-06-16T04:33:59.208Z] GET https://video.twimg.com/amplify_video/2064419379664617472/vid/avc1/3000/6000/1920x1080/4ibmQAW_9_VS-TDn.m4s → 200 (28ms, 972685B)
[2026-06-16T04:33:59.216Z] GET https://video.twimg.com/amplify_video/2064419379664617472/aud/mp4a/6000/9000/128000/-vl_U7rli5VLH2XM.m4s → 200 (32ms, 48800B)
[2026-06-16T04:33:59.217Z] GET https://video.twimg.com/amplify_video/2064523888281665537/aud/mp4a/6000/9000/128000/VXIU41RFzzW4-mK7.m4s → 200 (44ms, 48925B)
[2026-06-16T04:33:59.218Z] GET https://video.twimg.com/amplify_video/2064523888281665537/vid/avc1/6000/9000/1280x720/g6zWeNrRGQ9L-LPz.m4s → 200 (43ms, 258126B)
[2026-06-16T04:33:59.233Z] GET https://video.twimg.com/amplify_video/2065469018463420416/aud/mp4a/6000/9000/128000/ftM2o-FW9QtPkGJ-.m4s → 200 (44ms, 48797B)
[2026-06-16T04:33:59.234Z] GET https://video.twimg.com/amplify_video/2065469018463420416/vid/avc1/6000/9000/1080x1080/Ph-lrlmd3VGn4HdQ.m4s → 200 (43ms, 278388B)
[2026-06-16T04:33:59.302Z] GET https://video.twimg.com/amplify_video/2064523888281665537/vid/avc1/9000/12000/1280x720/twYRUWRLLLC3JgSs.m4s → 200 (42ms, 221500B)
[2026-06-16T04:33:59.302Z] GET https://video.twimg.com/amplify_video/2064523888281665537/aud/mp4a/9000/12000/128000/uSIOV2PE3SASviNB.m4s → 200 (113ms, 48779B)
[2026-06-16T04:33:59.319Z] GET https://video.twimg.com/amplify_video/2065469018463420416/vid/avc1/9000/12000/1080x1080/lk9ee65oKm8bsbdP.m4s → 200 (44ms, 281276B)
[2026-06-16T04:33:59.319Z] GET https://video.twimg.com/amplify_video/2065469018463420416/aud/mp4a/9000/12000/128000/ryeG0Lz6I0QYOzLw.m4s → 200 (44ms, 48845B)
[2026-06-16T04:33:59.320Z] GET https://video.twimg.com/amplify_video/2064419379664617472/vid/avc1/6000/9000/1920x1080/YLSG_i7K70Q9x30H.m4s → 200 (43ms, 1045019B)
[2026-06-16T04:33:59.320Z] GET https://video.twimg.com/amplify_video/2064419379664617472/aud/mp4a/9000/12000/128000/HU0mnsp27RZ88zKu.m4s → 200 (47ms, 48880B)
[2026-06-16T04:33:59.364Z] GET https://video.twimg.com/amplify_video/2064523888281665537/vid/avc1/12000/15000/1280x720/Ua2pLGKBDCZplGBv.m4s → 200 (56ms, 444098B)
[2026-06-16T04:33:59.369Z] GET https://video.twimg.com/amplify_video/2065469018463420416/vid/avc1/12000/15000/1080x1080/kbKkdJimjDlilGXh.m4s → 200 (46ms, 425177B)
[2026-06-16T04:33:59.369Z] GET https://video.twimg.com/amplify_video/2065469018463420416/aud/mp4a/12000/15000/128000/Hkm93xltVwBNke9L.m4s → 200 (46ms, 48434B)
[2026-06-16T04:33:59.421Z] GET https://video.twimg.com/amplify_video/2064419379664617472/vid/avc1/9000/12000/1920x1080/eStOyhzrdy1DaF83.m4s → 200 (33ms, 1018434B)
[2026-06-16T04:33:59.434Z] GET https://video.twimg.com/amplify_video/2065469018463420416/aud/mp4a/15000/18000/128000/35aZ0d3zT7Cl8_7U.m4s → 200 (91ms, 48998B)
[2026-06-16T04:33:59.435Z] GET https://video.twimg.com/amplify_video/2064523888281665537/aud/mp4a/12000/15000/128000/-ZA3l-aE6SUwCCrf.m4s → 200 (90ms, 48414B)
[2026-06-16T04:33:59.435Z] GET https://video.twimg.com/amplify_video/2064523888281665537/vid/avc1/15000/18000/1280x720/OJdZMJMH2BLBcE9Z.m4s → 200 (90ms, 339652B)
[2026-06-16T04:33:59.435Z] GET https://video.twimg.com/amplify_video/2065469018463420416/vid/avc1/15000/18000/1080x1080/I4YjHwsjZUgGfQyZ.m4s → 200 (91ms, 359718B)
[2026-06-16T04:33:59.530Z] GET https://video.twimg.com/amplify_video/2064523888281665537/aud/mp4a/15000/18000/128000/Y13tGxzWQRXEtgLa.m4s → 200 (114ms, 48946B)
[2026-06-16T04:33:59.533Z] GET https://video.twimg.com/amplify_video/2064523888281665537/vid/avc1/18000/21000/1280x720/RgrVk0nMNRaljtak.m4s → 200 (124ms, 379737B)
[2026-06-16T04:33:59.533Z] GET https://video.twimg.com/amplify_video/2064419379664617472/vid/avc1/12000/15000/1920x1080/rrgi-2P82152XRi6.m4s → 200 (111ms, 883348B)
[2026-06-16T04:33:59.533Z] GET https://video.twimg.com/amplify_video/2064419379664617472/aud/mp4a/12000/15000/128000/XKtIsR1P0Hmm38Tn.m4s → 200 (117ms, 48468B)
[2026-06-16T04:33:59.548Z] GET https://video.twimg.com/amplify_video/2065469018463420416/vid/avc1/18000/21000/1080x1080/I6TcEWiCJMccb3Ui.m4s → 200 (105ms, 191192B)
[2026-06-16T04:33:59.548Z] GET https://video.twimg.com/amplify_video/2065469018463420416/aud/mp4a/18000/21000/128000/XYvwgTtzJnhYDVch.m4s → 200 (104ms, 48502B)
[2026-06-16T04:33:59.645Z] GET https://video.twimg.com/amplify_video/2064523888281665537/aud/mp4a/18000/21000/128000/PIdJNv7Ffl1QhTwi.m4s → 200 (96ms, 48626B)
[2026-06-16T04:33:59.653Z] GET https://video.twimg.com/amplify_video/2064419379664617472/aud/mp4a/15000/18000/128000/3OoWQ2VOZ7Z0ra3a.m4s → 200 (85ms, 48892B)
[2026-06-16T04:33:59.658Z] GET https://video.twimg.com/amplify_video/2065469018463420416/aud/mp4a/21000/24000/128000/7FmfJqq8c5oVJVYq.m4s → 200 (81ms, 48624B)
[2026-06-16T04:33:59.658Z] GET https://video.twimg.com/amplify_video/2065469018463420416/vid/avc1/21000/24000/1080x1080/E6Welyz__TAH_EXe.m4s → 200 (79ms, 327230B)
[2026-06-16T04:33:59.659Z] GET https://video.twimg.com/amplify_video/2064419379664617472/vid/avc1/15000/18000/1920x1080/6bVo7bp4sXp10YEO.m4s → 200 (29ms, 640516B)
[2026-06-16T04:33:59.661Z] GET https://video.twimg.com/amplify_video/2064523888281665537/vid/avc1/21000/24000/1280x720/CJ8mLxt9PLqTBCwO.m4s → 200 (41ms, 406778B)
[2026-06-16T04:33:59.709Z] GET https://video.twimg.com/amplify_video/2064419379664617472/vid/avc1/18000/21000/1920x1080/CzlAKirhZz1YJ4BL.m4s → 200 (42ms, 552349B)
[2026-06-16T04:33:59.742Z] GET https://video.twimg.com/amplify_video/2064419379664617472/aud/mp4a/18000/21000/128000/uGUsp0KYGvGPJu29.m4s → 200 (53ms, 48446B)
[2026-06-16T04:33:59.743Z] GET https://video.twimg.com/amplify_video/2065469018463420416/aud/mp4a/24000/27000/128000/eXQujuiJ9ES8_CFx.m4s → 200 (52ms, 48825B)
[2026-06-16T04:33:59.743Z] GET https://video.twimg.com/amplify_video/2065469018463420416/vid/avc1/24000/27000/1080x1080/YTTGn_dO4S1w4Lnh.m4s → 200 (90ms, 358621B)
[2026-06-16T04:33:59.743Z] GET https://video.twimg.com/amplify_video/2064523888281665537/aud/mp4a/21000/24000/128000/dkD8cdc4_X-Usolb.m4s → 200 (79ms, 48481B)
[2026-06-16T04:33:59.743Z] GET https://video.twimg.com/amplify_video/2064523888281665537/vid/avc1/24000/28200/1280x720/kDKJA-EfJotiobQS.m4s → 200 (52ms, 541316B)
[2026-06-16T04:33:59.769Z] GET https://video.twimg.com/amplify_video/2064419379664617472/vid/avc1/21000/24000/1920x1080/xnav9ouMYKvVtryV.m4s → 200 (50ms, 399851B)
[2026-06-16T04:33:59.799Z] GET https://video.twimg.com/amplify_video/2064419379664617472/aud/mp4a/21000/24000/128000/Q_pOguEaRzATEnKa.m4s → 200 (35ms, 48743B)
[2026-06-16T04:33:59.825Z] GET https://video.twimg.com/amplify_video/2064419379664617472/vid/avc1/24000/27000/1920x1080/X3uZzjslZWxTFcsL.m4s → 200 (44ms, 770475B)
[2026-06-16T04:33:59.825Z] GET https://video.twimg.com/amplify_video/2064523888281665537/aud/mp4a/24000/27000/128000/K2-c_OA3Jv24I_tO.m4s → 200 (44ms, 48820B)
[2026-06-16T04:33:59.839Z] GET https://video.twimg.com/amplify_video/2064419379664617472/aud/mp4a/24000/27000/128000/8Lhf72zxoZFkDNzF.m4s → 200 (60ms, 48785B)
[2026-06-16T04:33:59.844Z] GET https://video.twimg.com/amplify_video/2065469018463420416/vid/avc1/27000/30000/1080x1080/KXGnht1U4Ek7wFP0.m4s → 200 (58ms, 234731B)
[2026-06-16T04:33:59.844Z] GET https://video.twimg.com/amplify_video/2065469018463420416/aud/mp4a/27000/30000/128000/bVhKpbzBr_9TaLEc.m4s → 200 (61ms, 48115B)
[2026-06-16T04:33:59.897Z] GET https://video.twimg.com/amplify_video/2064523888281665537/aud/mp4a/27000/28237/128000/PIyEgGzDsT1TWsuO.m4s → pending (?ms, ?B)
[2026-06-16T04:33:59.902Z] GET https://video.twimg.com/amplify_video/2064419379664617472/aud/mp4a/27000/30000/128000/VP5z3TaKv97wsk5b.m4s → pending (?ms, ?B)
[2026-06-16T04:33:59.903Z] GET https://video.twimg.com/amplify_video/2064419379664617472/vid/avc1/27000/30000/1920x1080/akAwBa4BCzuVmUJd.m4s → pending (?ms, ?B)
[2026-06-16T04:33:59.906Z] GET https://video.twimg.com/amplify_video/2065469018463420416/aud/mp4a/30000/33000/128000/Q8yBeo_vVESaaIEL.m4s → pending (?ms, ?B)
[2026-06-16T04:33:59.907Z] GET https://video.twimg.com/amplify_video/2065469018463420416/vid/avc1/30000/33000/1080x1080/L8TAVPH93YwKx3hy.m4s → pending (?ms, ?B)
[2026-06-16T04:33:59.955Z] GET https://video.twimg.com/amplify_video/2064419379664617472/aud/mp4a/30000/33000/128000/sEUalt3ZLcib4njj.m4s → 200 (28ms, 48828B)
[2026-06-16T04:33:59.957Z] GET https://video.twimg.com/amplify_video/2064419379664617472/vid/avc1/30000/33000/1920x1080/TbeUHVlM5J83svy7.m4s → 200 (25ms, 662313B)
[2026-06-16T04:34:00.018Z] GET https://video.twimg.com/amplify_video/2065469018463420416/vid/avc1/33000/36000/1080x1080/J6vndK0lG2t7qtN9.m4s → 200 (165ms, 476128B)
[2026-06-16T04:34:00.018Z] GET https://video.twimg.com/amplify_video/2065469018463420416/aud/mp4a/33000/36000/128000/9h0vEwZjFRi_iIsp.m4s → 200 (31ms, 48818B)
[2026-06-16T04:34:00.021Z] GET https://video.twimg.com/amplify_video/2064419379664617472/aud/mp4a/33000/36000/128000/v_6O8l7PP4YWnDBA.m4s → 200 (40ms, 48778B)
[2026-06-16T04:34:00.021Z] GET https://video.twimg.com/amplify_video/2064419379664617472/vid/avc1/33000/36000/1920x1080/tXZANr0jgGQDnWAi.m4s → 200 (29ms, 2060498B)
[2026-06-16T04:34:00.244Z] GET https://video.twimg.com/amplify_video/2065469018463420416/vid/avc1/36000/39000/1080x1080/fOU8ojGmRp1yulEp.m4s → 200 (68ms, 507570B)
[2026-06-16T04:34:00.244Z] GET https://video.twimg.com/amplify_video/2065469018463420416/aud/mp4a/36000/39000/128000/jB_BE7aYu5SsE_iZ.m4s → 200 (23ms, 48428B)
[2026-06-16T04:34:00.245Z] GET https://video.twimg.com/amplify_video/2064419379664617472/vid/avc1/36000/39000/1920x1080/cJd9tFLuJKA4cWsc.m4s → 200 (27ms, 428169B)
[2026-06-16T04:34:00.245Z] GET https://video.twimg.com/amplify_video/2064419379664617472/aud/mp4a/36000/39000/128000/z0njx2Q2lfMeYX52.m4s → 200 (27ms, 48558B)
[2026-06-16T04:34:00.312Z] GET https://video.twimg.com/amplify_video/2064419379664617472/aud/mp4a/39000/42000/128000/WyynHGrLvjd7PRln.m4s → 200 (27ms, 48796B)
[2026-06-16T04:34:00.314Z] GET https://video.twimg.com/amplify_video/2064419379664617472/vid/avc1/39000/42000/1920x1080/5VKyjoCEIQFZn2xw.m4s → 200 (63ms, 555036B)
[2026-06-16T04:34:00.316Z] GET https://video.twimg.com/amplify_video/2065469018463420416/aud/mp4a/39000/42000/128000/ekGPsR_QogLAX3X6.m4s → 200 (63ms, 48893B)
[2026-06-16T04:34:00.318Z] GET https://video.twimg.com/amplify_video/2065469018463420416/vid/avc1/39000/42000/1080x1080/i8QTdHmDnvFku91z.m4s → 200 (41ms, 509479B)
[2026-06-16T04:34:00.364Z] GET https://video.twimg.com/amplify_video/2065469018463420416/vid/avc1/42000/45000/1080x1080/oPbL1IAuupcc8RNY.m4s → 200 (90ms, 326098B)
[2026-06-16T04:34:00.383Z] GET https://video.twimg.com/amplify_video/2065469018463420416/aud/mp4a/42000/45000/128000/b333t-ejHCagFtd6.m4s → 200 (41ms, 48402B)
[2026-06-16T04:34:00.384Z] GET https://video.twimg.com/amplify_video/2064419379664617472/aud/mp4a/42000/45000/128000/g6FcpCptcinX1Njw.m4s → 200 (40ms, 48520B)
[2026-06-16T04:34:00.387Z] GET https://video.twimg.com/amplify_video/2064419379664617472/vid/avc1/42000/45000/1920x1080/1JIIRaFUthOJ7kFy.m4s → 200 (39ms, 801877B)
[2026-06-16T04:34:00.448Z] GET https://video.twimg.com/amplify_video/2064419379664617472/aud/mp4a/45000/48000/128000/6QQ5SWdjqRF8htc4.m4s → 200 (93ms, 48716B)
[2026-06-16T04:34:00.451Z] GET https://video.twimg.com/amplify_video/2064419379664617472/vid/avc1/45000/48000/1920x1080/bQhphVhpsYPqERjn.m4s → 200 (37ms, 797144B)
[2026-06-16T04:34:00.457Z] GET https://video.twimg.com/amplify_video/2065469018463420416/aud/mp4a/45000/48000/128000/021Es_DWfLL2X2JT.m4s → 200 (61ms, 48897B)
[2026-06-16T04:34:00.459Z] GET https://video.twimg.com/amplify_video/2065469018463420416/vid/avc1/45000/48000/1080x1080/M9IXn9LtQtxd_V9W.m4s → 200 (29ms, 279718B)
[2026-06-16T04:34:00.528Z] GET https://video.twimg.com/amplify_video/2065469018463420416/aud/mp4a/48000/51000/128000/_8JTOIpEtS1mujeW.m4s → 200 (172ms, 48741B)
[2026-06-16T04:34:00.528Z] GET https://video.twimg.com/amplify_video/2065469018463420416/vid/avc1/48000/51000/1080x1080/GlIRK9ADCWfNXeFM.m4s → 200 (171ms, 413066B)
[2026-06-16T04:34:00.529Z] GET https://video.twimg.com/amplify_video/2064419379664617472/vid/avc1/48000/51000/1920x1080/PKAL7RMhqZ-tXPNB.m4s → 200 (74ms, 1057244B)
[2026-06-16T04:34:00.557Z] GET https://video.twimg.com/amplify_video/2064419379664617472/aud/mp4a/48000/51000/128000/_cAtEUa0x_L0Nvbw.m4s → 200 (26ms, 48819B)
[2026-06-16T04:34:00.703Z] POST https://api.x.com/1.1/graphql/user_flow.json → 404 (153ms, 68B)
[2026-06-16T04:34:00.711Z] GET https://video.twimg.com/amplify_video/2065469018463420416/vid/avc1/51000/54000/1080x1080/TRksOExN7jCEmm76.m4s → 200 (49ms, 399567B)
[2026-06-16T04:34:00.711Z] GET https://video.twimg.com/amplify_video/2065469018463420416/aud/mp4a/51000/54000/128000/pQk8gEAcvzRtzFlM.m4s → 200 (88ms, 48508B)
[2026-06-16T04:34:00.712Z] GET https://video.twimg.com/amplify_video/2064419379664617472/vid/avc1/51000/54000/1920x1080/mqSdJ77NkitnW8Ur.m4s → 200 (47ms, 851662B)
[2026-06-16T04:34:00.712Z] GET https://video.twimg.com/amplify_video/2064419379664617472/aud/mp4a/51000/54000/128000/E_WtINE4iz7jq8Rd.m4s → 200 (73ms, 48495B)
[2026-06-16T04:34:00.771Z] GET https://video.twimg.com/amplify_video/2065469018463420416/vid/avc1/54000/57000/1080x1080/R7OZk_2TeR8o_7dY.m4s → 200 (34ms, 228214B)
[2026-06-16T04:34:00.789Z] GET https://video.twimg.com/amplify_video/2064419379664617472/aud/mp4a/54000/57000/128000/26F7FUIUrCVgB8gL.m4s → 200 (36ms, 48858B)
[2026-06-16T04:34:00.790Z] GET https://video.twimg.com/amplify_video/2064419379664617472/vid/avc1/54000/57000/1920x1080/wMbv4aUx9bcvNbDL.m4s → 200 (92ms, 875264B)
[2026-06-16T04:34:00.800Z] GET https://video.twimg.com/amplify_video/2065469018463420416/aud/mp4a/54000/57000/128000/KWZC0Tn0peSva5Ic.m4s → 200 (27ms, 48804B)
[2026-06-16T04:34:00.817Z] GET https://video.twimg.com/amplify_video/2065469018463420416/vid/avc1/57000/60000/1080x1080/jiRyWhzki_NGvLc9.m4s → 200 (46ms, 213506B)
[2026-06-16T04:34:00.828Z] GET https://video.twimg.com/amplify_video/2065469018463420416/aud/mp4a/57000/60000/128000/ipVV5qk2_fYI4VZn.m4s → 200 (83ms, ?B)
[2026-06-16T04:34:00.865Z] GET https://video.twimg.com/amplify_video/2065469018463420416/vid/avc1/60000/63000/1080x1080/6pezYUQgvUT-7DDA.m4s → 200 (42ms, 281616B)
[2026-06-16T04:34:00.908Z] GET https://video.twimg.com/amplify_video/2064419379664617472/aud/mp4a/57000/60000/128000/sdfT2uF58M3qwNxH.m4s → pending (?ms, ?B)
[2026-06-16T04:34:00.913Z] GET https://video.twimg.com/amplify_video/2065469018463420416/vid/avc1/63000/66000/1080x1080/8A6nQkQg-o4Sc5zW.m4s → pending (?ms, ?B)
[2026-06-16T04:34:00.913Z] GET https://video.twimg.com/amplify_video/2064419379664617472/vid/avc1/57000/60000/1920x1080/lsWHsVwCm5WGUoVN.m4s → pending (?ms, ?B)
[2026-06-16T04:34:00.917Z] GET https://video.twimg.com/amplify_video/2065469018463420416/aud/mp4a/60000/63000/128000/9OJrYPsXylohFfyi.m4s → 200 (49ms, 48321B)
[2026-06-16T04:34:00.970Z] GET https://video.twimg.com/amplify_video/2065469018463420416/vid/avc1/66000/69000/1080x1080/g1CQsBOYoByIpcDk.m4s → 200 (68ms, 292816B)
[2026-06-16T04:34:00.970Z] GET https://video.twimg.com/amplify_video/2065469018463420416/aud/mp4a/63000/66000/128000/KFCWPCMVPouqVatO.m4s → 200 (35ms, 48864B)
[2026-06-16T04:34:00.971Z] GET https://video.twimg.com/amplify_video/2064419379664617472/vid/avc1/60000/63000/1920x1080/_yeuMkJCrGEIDh51.m4s → 200 (32ms, 690851B)
[2026-06-16T04:34:00.971Z] GET https://video.twimg.com/amplify_video/2064419379664617472/aud/mp4a/60000/63000/128000/W5G0dbtBrVShLQY6.m4s → 200 (47ms, 48644B)
[2026-06-16T04:34:01.019Z] GET https://video.twimg.com/amplify_video/2065469018463420416/aud/mp4a/66000/69000/128000/hyNxI_PAJ43TJhRG.m4s → 200 (245ms, 48485B)
[2026-06-16T04:34:01.038Z] GET https://video.twimg.com/amplify_video/2064419379664617472/aud/mp4a/63000/66000/128000/V8OPXm3hxMrhueqS.m4s → 200 (29ms, 48591B)
[2026-06-16T04:34:01.042Z] GET https://video.twimg.com/amplify_video/2065469018463420416/vid/avc1/69000/72000/1080x1080/UujGiXzG02B7GB83.m4s → 200 (36ms, 200174B)
[2026-06-16T04:34:01.042Z] GET https://video.twimg.com/amplify_video/2064419379664617472/vid/avc1/63000/66000/1920x1080/N9dgCH9Z_fURgG4I.m4s → 200 (174ms, 541742B)
[2026-06-16T04:34:01.080Z] GET https://video.twimg.com/amplify_video/2065469018463420416/vid/avc1/72000/75000/1080x1080/h9FyrNKPyE9c1JIx.m4s → 200 (25ms, 254141B)
[2026-06-16T04:34:01.113Z] GET https://video.twimg.com/amplify_video/2065469018463420416/vid/avc1/75000/78000/1080x1080/ySE3O_Lmd6kFd5MP.m4s → 200 (110ms, 214801B)
[2026-06-16T04:34:01.223Z] GET https://video.twimg.com/amplify_video/2064419379664617472/aud/mp4a/66000/69000/128000/Ewk9IET0GNB7XogS.m4s → 200 (30ms, 48435B)
[2026-06-16T04:34:01.227Z] GET https://video.twimg.com/amplify_video/2065469018463420416/vid/avc1/78000/81000/1080x1080/IBlmyYbFTBEsRrwB.m4s → 200 (55ms, 176857B)
[2026-06-16T04:34:01.227Z] GET https://video.twimg.com/amplify_video/2064419379664617472/vid/avc1/66000/69000/1920x1080/u2IzB4FvV4sQZVoT.m4s → 200 (62ms, 687414B)
[2026-06-16T04:34:01.284Z] GET https://video.twimg.com/amplify_video/2065469018463420416/vid/avc1/81000/84000/1080x1080/Mf7OWIGCOP1GD_0q.m4s → 200 (41ms, 278821B)
[2026-06-16T04:34:01.308Z] GET https://video.twimg.com/amplify_video/2064419379664617472/aud/mp4a/69000/72000/128000/Skuqk3RNMEmb4O6F.m4s → 200 (25ms, 48849B)
[2026-06-16T04:34:01.311Z] GET https://video.twimg.com/amplify_video/2064419379664617472/vid/avc1/69000/72000/1920x1080/5OgDsjqxQQc0kFv5.m4s → 200 (62ms, 649203B)
[2026-06-16T04:34:01.335Z] GET https://video.twimg.com/amplify_video/2065469018463420416/aud/mp4a/69000/72000/128000/-biZ8pU-IJ7n7WqA.m4s → 200 (48ms, 48805B)
[2026-06-16T04:34:01.335Z] GET https://video.twimg.com/amplify_video/2065469018463420416/vid/avc1/84000/87000/1080x1080/cnHE3u_gNEiADovM.m4s → 200 (81ms, 255544B)
[2026-06-16T04:34:01.393Z] GET https://video.twimg.com/amplify_video/2065469018463420416/aud/mp4a/72000/75000/128000/o1KftD1SKKSFd3_h.m4s → 200 (27ms, 48785B)
[2026-06-16T04:34:01.393Z] GET https://video.twimg.com/amplify_video/2064419379664617472/aud/mp4a/72000/75000/128000/_qBMM1zU0O3dKRan.m4s → 200 (28ms, 48851B)
[2026-06-16T04:34:01.396Z] GET https://video.twimg.com/amplify_video/2064419379664617472/vid/avc1/72000/75000/1920x1080/J05ukGpi9Swggou_.m4s → 200 (49ms, 950327B)
[2026-06-16T04:34:01.444Z] GET https://video.twimg.com/amplify_video/2065469018463420416/aud/mp4a/75000/78000/128000/VOxez8IhiGBXDf2M.m4s → 200 (55ms, 48510B)
[2026-06-16T04:34:01.464Z] GET https://video.twimg.com/amplify_video/2064419379664617472/aud/mp4a/75000/78000/128000/-gZrbSKIDV7OnWeX.m4s → 200 (52ms, 48493B)
[2026-06-16T04:34:01.468Z] GET https://video.twimg.com/amplify_video/2065469018463420416/vid/avc1/87000/90000/1080x1080/FxmVidBcJ6B_GupK.m4s → 200 (61ms, 500882B)
[2026-06-16T04:34:01.469Z] GET https://video.twimg.com/amplify_video/2064419379664617472/vid/avc1/75000/78000/1920x1080/YgPR5w5NYPYk1Rvr.m4s → 200 (86ms, 908304B)
[2026-06-16T04:34:01.501Z] GET https://video.twimg.com/amplify_video/2065469018463420416/aud/mp4a/78000/81000/128000/NfiNUx7IT3Nx_57n.m4s → 200 (87ms, 48862B)
[2026-06-16T04:34:01.536Z] GET https://video.twimg.com/amplify_video/2065469018463420416/vid/avc1/90000/93000/1080x1080/5QqSZhiwnxBXi0Pi.m4s → 200 (70ms, 346745B)
[2026-06-16T04:34:01.597Z] GET https://video.twimg.com/amplify_video/2065469018463420416/aud/mp4a/81000/84000/128000/_sQcLuOOIlugOgL3.m4s → 200 (37ms, 48800B)
[2026-06-16T04:34:01.608Z] GET https://video.twimg.com/amplify_video/2064419379664617472/aud/mp4a/78000/81000/128000/1PE0T_pIKEUN7Ngj.m4s → 200 (133ms, 48858B)
[2026-06-16T04:34:01.612Z] GET https://video.twimg.com/amplify_video/2064419379664617472/vid/avc1/78000/81000/1920x1080/OSVWjqowr2Ggy9KZ.m4s → 200 (129ms, 1001577B)
[2026-06-16T04:34:01.614Z] GET https://video.twimg.com/amplify_video/2065469018463420416/vid/avc1/93000/96000/1080x1080/VSXEKXGstfC_yq1P.m4s → 200 (138ms, 310077B)
[2026-06-16T04:34:01.637Z] GET https://video.twimg.com/amplify_video/2065469018463420416/aud/mp4a/84000/87000/128000/vtaUB0ajWNkxZgg7.m4s → 200 (120ms, 48490B)
[2026-06-16T04:34:01.753Z] GET https://video.twimg.com/amplify_video/2064419379664617472/aud/mp4a/81000/84000/128000/pwBRuW5lzb8Zwr9m.m4s → 200 (58ms, 48899B)
[2026-06-16T04:34:01.759Z] GET https://video.twimg.com/amplify_video/2065469018463420416/aud/mp4a/87000/90000/128000/lj1twdTbJNSZksIf.m4s → 200 (55ms, 48747B)
[2026-06-16T04:34:01.759Z] GET https://video.twimg.com/amplify_video/2065469018463420416/vid/avc1/96000/99000/1080x1080/MTxSH8QGHlcws4yj.m4s → 200 (52ms, 320015B)
[2026-06-16T04:34:01.760Z] GET https://video.twimg.com/amplify_video/2064419379664617472/vid/avc1/81000/84000/1920x1080/m9gax9bxq2V2v1ii.m4s → 200 (63ms, 648742B)
[2026-06-16T04:34:01.816Z] GET https://video.twimg.com/amplify_video/2065469018463420416/aud/mp4a/90000/93000/128000/VPTO7rRRiFUJBRhh.m4s → 200 (65ms, 48534B)
[2026-06-16T04:34:01.817Z] GET https://video.twimg.com/amplify_video/2065469018463420416/vid/avc1/99000/102000/1080x1080/tHEeKBtRTw9nNE6I.m4s → pending (?ms, ?B)
[2026-06-16T04:34:01.848Z] GET https://video.twimg.com/amplify_video/2064419379664617472/aud/mp4a/84000/86922/128000/GKXxw0XOQUPEip37.m4s → pending (?ms, ?B)
[2026-06-16T04:34:01.851Z] GET https://video.twimg.com/amplify_video/2064419379664617472/vid/avc1/84000/86869/1920x1080/HwrFvMr7gD5U9APp.m4s → 200 (56ms, ?B)
[2026-06-16T04:34:01.885Z] GET https://video.twimg.com/amplify_video/2065469018463420416/aud/mp4a/93000/96000/128000/npzjoApHfMPk5Xz6.m4s → pending (?ms, ?B)
[2026-06-16T04:34:01.942Z] GET https://video.twimg.com/amplify_video/2065469018463420416/vid/avc1/102000/105000/1080x1080/jvM58y4Or9xhBomm.m4s → 200 (30ms, 82344B)
[2026-06-16T04:34:01.974Z] GET https://video.twimg.com/amplify_video/2065469018463420416/vid/avc1/105000/107533/1080x1080/y-d8sgm1FSFudDGf.m4s → 200 (58ms, 50139B)
[2026-06-16T04:34:02.050Z] GET https://video.twimg.com/amplify_video/2065469018463420416/aud/mp4a/96000/99000/128000/UlGPcIE1adg6oXlH.m4s → 200 (29ms, 48816B)
[2026-06-16T04:34:02.084Z] GET https://video.twimg.com/amplify_video/2065469018463420416/aud/mp4a/99000/102000/128000/k6ud6b3vpP4ea6_G.m4s → 200 (38ms, 48384B)
[2026-06-16T04:34:02.123Z] GET https://video.twimg.com/amplify_video/2065469018463420416/aud/mp4a/102000/105000/128000/sFI7TrFkazNCASML.m4s → 200 (25ms, 48372B)
[2026-06-16T04:34:02.150Z] GET https://video.twimg.com/amplify_video/2065469018463420416/aud/mp4a/105000/107581/128000/BzYvZZJy3dZtHxmv.m4s → 200 (115ms, 41917B)
